DLL version: 2.7.0
Friday, August 24, 2018 10:39:31   Start new logging
ModuleID[2] LevelID[10]: CMyExceptionHandler thread is running
ModuleID[2] LevelID[1]: new MxHidDeviceClass
ModuleID[2] LevelID[1]: new MxHidDeviceClass
ModuleID[2] LevelID[1]: new MxHidDeviceClass
ModuleID[2] LevelID[1]: new MxHidDeviceClass
ModuleID[2] LevelID[1]: new MxHidDeviceClass
ModuleID[2] LevelID[1]: new MxHidDeviceClass
ModuleID[2] LevelID[1]: new MxHidDeviceClass
ModuleID[2] LevelID[10]: DeviceTypeDisk--_devices size: 1
ModuleID[2] LevelID[10]: Volume--StorageDisk, Disk->_driveNumber:2, Volume->_diskNumber:2
ModuleID[2] LevelID[10]: DeviceTypeDisk--find Disk device: 00912A50
ModuleID[2] LevelID[10]: Device::hubIndex::getmsc, return the port index is: 1
ModuleID[2] LevelID[10]: Device Manager thread is running
ModuleID[2] LevelID[1]: Can't set m_hStopEvent before it initialized or it already stop

ModuleID[2] LevelID[10]: DeviceManager::DevChangeWnd::OnDeviceChange() - DEVICE_ARRIVAL_EVT(\\?\USB#VID_15A2&PID_0071#40000030#{a5dcbf10-6530-11d2-901f-00c04fb951ed})
ModuleID[2] LevelID[10]: DeviceManager::DevChangeWnd::OnDeviceChange() - end
ModuleID[2] LevelID[10]: DeviceManager::OnMsgDeviceEvent() - DEVICE_ARRIVAL_EVT(\\?\USB#VID_15A2&PID_0071#40000030#{a5dcbf10-6530-11d2-901f-00c04fb951ed})
ModuleID[2] LevelID[10]: DeviceClass::FindDeviceByUsbPath--DeviceListType_Current, _devices.size: 0
ModuleID[2] LevelID[1]: DeviceClass::FindDeviceByUsbPath() - DeviceListType_New--index: 0
ModuleID[2] LevelID[1]: DeviceClass::FindDeviceByUsbPath() - DeviceListType_New--devPath: \\?\hid#synhidmini&col02#1&b12c6d1&0&0001#{4d1e55b2-f16f-11cf-88cb-001111000030}
ModuleID[2] LevelID[1]: DeviceClass::FindDeviceByUsbPath() - DeviceListType_New--index: 1
ModuleID[2] LevelID[1]: DeviceClass::FindDeviceByUsbPath() - DeviceListType_New--devPath: \\?\hid#synhidmini&col03#1&b12c6d1&0&0002#{4d1e55b2-f16f-11cf-88cb-001111000030}
ModuleID[2] LevelID[1]: DeviceClass::FindDeviceByUsbPath() - DeviceListType_New--index: 2
ModuleID[2] LevelID[1]: DeviceClass::FindDeviceByUsbPath() - DeviceListType_New--devPath: \\?\hid#synhidmini&col04#1&b12c6d1&0&0003#{4d1e55b2-f16f-11cf-88cb-001111000030}
ModuleID[2] LevelID[1]: DeviceClass::FindDeviceByUsbPath() - DeviceListType_New--index: 3
ModuleID[2] LevelID[1]: DeviceClass::FindDeviceByUsbPath() - DeviceListType_New--devPath: \\?\hid#vid_047d&pid_2041#c&392f3e7d&0&0000#{4d1e55b2-f16f-11cf-88cb-001111000030}
ModuleID[2] LevelID[1]: DeviceClass::FindDeviceByUsbPath() - DeviceListType_New--index: 4
ModuleID[2] LevelID[1]: DeviceClass::FindDeviceByUsbPath() - DeviceListType_New--devPath: \\?\hid#vid_04d9&pid_0192&mi_02&col01#d&9b48d1f&0&0000#{4d1e55b2-f16f-11cf-88cb-001111000030}
ModuleID[2] LevelID[1]: DeviceClass::FindDeviceByUsbPath() - DeviceListType_New--index: 5
ModuleID[2] LevelID[1]: DeviceClass::FindDeviceByUsbPath() - DeviceListType_New--devPath: \\?\hid#vid_04d9&pid_0192&mi_00#d&25f245e&0&0000#{4d1e55b2-f16f-11cf-88cb-001111000030}
ModuleID[2] LevelID[1]: DeviceClass::FindDeviceByUsbPath() - DeviceListType_New--index: 6
ModuleID[2] LevelID[1]: DeviceClass::FindDeviceByUsbPath() - DeviceListType_New--devPath: \\?\hid#vid_04d9&pid_0192&mi_01#d&1a22b0a3&0&0000#{4d1e55b2-f16f-11cf-88cb-001111000030}
ModuleID[2] LevelID[1]: DeviceClass::FindDeviceByUsbPath() - DeviceListType_New--index: 7
ModuleID[2] LevelID[1]: DeviceClass::FindDeviceByUsbPath() - DeviceListType_New--devPath: \\?\hid#vid_04d9&pid_0192&mi_02&col02#d&9b48d1f&0&0001#{4d1e55b2-f16f-11cf-88cb-001111000030}
ModuleID[2] LevelID[1]: DeviceClass::FindDeviceByUsbPath() - DeviceListType_New--index: 8
ModuleID[2] LevelID[1]: DeviceClass::FindDeviceByUsbPath() - DeviceListType_New--devPath: \\?\hid#vid_0572&pid_1804&mi_03#c&2f588a0a&0&0000#{4d1e55b2-f16f-11cf-88cb-001111000030}
ModuleID[2] LevelID[1]: DeviceClass::FindDeviceByUsbPath() - DeviceListType_New--index: 9
ModuleID[2] LevelID[1]: DeviceClass::FindDeviceByUsbPath() - DeviceListType_New--devPath: \\?\hid#hpq6001#3&1f700816&0&0000#{4d1e55b2-f16f-11cf-88cb-001111000030}
ModuleID[2] LevelID[1]: DeviceClass::FindDeviceByUsbPath() - DeviceListType_New--index: 10
ModuleID[2] LevelID[1]: DeviceClass::FindDeviceByUsbPath() - DeviceListType_New--devPath: \\?\hid#vid_04d9&pid_0192&mi_02&col03#d&9b48d1f&0&0002#{4d1e55b2-f16f-11cf-88cb-001111000030}
ModuleID[2] LevelID[1]: DeviceClass::FindDeviceByUsbPath() - DeviceListType_New--index: 11
ModuleID[2] LevelID[1]: DeviceClass::FindDeviceByUsbPath() - DeviceListType_New--devPath: \\?\hid#synhidmini&col01#1&b12c6d1&0&0000#{4d1e55b2-f16f-11cf-88cb-001111000030}
ModuleID[2] LevelID[1]: DeviceClass::FindDeviceByUsbPath() - DeviceListType_New--index: 12
ModuleID[2] LevelID[1]: DeviceClass::FindDeviceByUsbPath() - DeviceListType_New--devPath: 
ModuleID[2] LevelID[10]: DeviceClass::FindDeviceByUsbPath--DeviceListType_Current, _devices.size: 0
ModuleID[2] LevelID[1]: DeviceClass::FindDeviceByUsbPath() - DeviceListType_New--index: 0
ModuleID[2] LevelID[1]: DeviceClass::FindDeviceByUsbPath() - DeviceListType_New--devPath: \\?\hid#vid_15a2&pid_0071#c&202afe63&0&0000#{4d1e55b2-f16f-11cf-88cb-001111000030}
ModuleID[2] LevelID[10]: new MxHidDevice[06833210]
ModuleID[2] LevelID[10]: DeviceClass::FindDeviceByUsbPath--DeviceListType_New, devInstPathToFind: USB\VID_15A2&PID_0071\40000030, _deviceInstanceID: USB\VID_15A2&PID_0071\40000030
ModuleID[2] LevelID[10]: DeviceClass::FindDeviceByUsbPath--DeviceListType_New, Find the device, Port: 4
ModuleID[2] LevelID[10]: DeviceClass::AddUsbDevice() successful USB#VID_15A2&PID_0071#40000030#{A5DCBF10-6530-11D2-901F-00C04FB951ED} add to current list, retrycount: 1
ModuleID[2] LevelID[10]: DeviceManager::OnMsgDeviceEvent() - DEVICE_ARRIVAL_EVT,[MxHidDeviceClass] vid_15a2&pid_0071, Hub:1-Port:4
ModuleID[2] LevelID[10]: DeviceManager::OnMsgDeviceEvent() - DEVICE_ARRIVAL_EVT, Notify
ModuleID[2] LevelID[10]: CmdOpreation[0]--OnDeviceChangeNotify, Volume Arrive/Remove or Device Arrive/Remove
ModuleID[2] LevelID[10]: CmdOpreation[0]--OnDeviceChangeNotify, m_p_usb_port is not NULL, so only refresh
ModuleID[2] LevelID[10]: CmdOpreation[0]--OnDeviceChangeNotify, Volume/Device Arrive
ModuleID[2] LevelID[1]: CmdOpreation[0]--set m_hDeviceArriveEvent.
ModuleID[2] LevelID[10]: CmdOpreation[0]--WaitforEvents device arrive1
ModuleID[2] LevelID[10]: CmdOperation[0] device chagned and reset to state 0
ModuleID[2] LevelID[10]: ExecuteCommand--Boot[WndIndex:0], File is C:\Users\Scott Kerr\Documents\Embedded Artists\MFGTool_Releases\PE10_BringUp\mfgtools_imx6sx_com_4.9.11_1.0.0_mothra\Profiles\Linux\OS Firmware\firmware\u-boot-imx6sxea-com.imx
ModuleID[2] LevelID[10]: ExecuteCommand--Load[WndIndex:0], File is C:\Users\Scott Kerr\Documents\Embedded Artists\MFGTool_Releases\PE10_BringUp\mfgtools_imx6sx_com_4.9.11_1.0.0_mothra\Profiles\Linux\OS Firmware\firmware\zImage-imx6sxea-com, address is 0x80800000
ModuleID[2] LevelID[10]: PortMgrDlg(0)--Command Load excute successfully, retry count: 0
ModuleID[2] LevelID[10]: CmdOperation[0], skip current command, so SetEvent(hDevCanDeleteEvent)
ModuleID[2] LevelID[10]: ExecuteCommand--Load[WndIndex:0], File is C:\Users\Scott Kerr\Documents\Embedded Artists\MFGTool_Releases\PE10_BringUp\mfgtools_imx6sx_com_4.9.11_1.0.0_mothra\Profiles\Linux\OS Firmware\firmware\fsl-image-mfgtool-initramfs-imx_mfgtools.cpio.gz.u-boot, address is 0x83800000
ModuleID[2] LevelID[10]: PortMgrDlg(0)--Command Load excute successfully, retry count: 0
ModuleID[2] LevelID[10]: CmdOperation[0], skip current command, so SetEvent(hDevCanDeleteEvent)
ModuleID[2] LevelID[10]: ExecuteCommand--Load[WndIndex:0], File is C:\Users\Scott Kerr\Documents\Embedded Artists\MFGTool_Releases\PE10_BringUp\mfgtools_imx6sx_com_4.9.11_1.0.0_mothra\Profiles\Linux\OS Firmware\firmware\imx6sxea-com-kit.dtb, address is 0x83000000
ModuleID[2] LevelID[10]: PortMgrDlg(0)--Command Load excute successfully, retry count: 0
ModuleID[2] LevelID[10]: CmdOperation[0], skip current command, so SetEvent(hDevCanDeleteEvent)
ModuleID[2] LevelID[10]: ExecuteCommand--Jump[WndIndex:0]
ModuleID[2] LevelID[10]: *********MxHidDevice[06833210] Jump to Ramkernel successfully!**********
ModuleID[2] LevelID[10]: CmdOperation[0], current state command has been finished and the last command is successful, so SetEvent(hDevCanDeleteEvent)
ModuleID[2] LevelID[10]: DeviceManager::DevChangeWnd::OnDeviceChange() - DEVICE_REMOVAL_EVT(\\?\USB#VID_15A2&PID_0071#40000030#{a5dcbf10-6530-11d2-901f-00c04fb951ed})
ModuleID[2] LevelID[10]: DeviceManager::DevChangeWnd::OnDeviceChange() - end
ModuleID[2] LevelID[10]: DeviceManager::OnMsgDeviceEvent() - DEVICE_REMOVAL_EVT(\\?\USB#VID_15A2&PID_0071#40000030#{a5dcbf10-6530-11d2-901f-00c04fb951ed})
ModuleID[2] LevelID[10]: DeviceClass::FindDeviceByUsbPath--DeviceListType_Current, _devices.size: 1
ModuleID[2] LevelID[10]: DeviceClass::FindDeviceByUsbPath--DeviceListType_Current, devInstPathToFind: USB\VID_15A2&PID_0071\40000030, _deviceInstanceID: USB\VID_15A2&PID_0071\40000030
ModuleID[2] LevelID[10]: DeviceClass::FindDeviceByUsbPath--DeviceListType_Current, Find the device
ModuleID[2] LevelID[10]: DeviceManager::OnMsgDeviceEvent() - DEVICE_REMOVAL_EVT,[MxHidDeviceClass] vid_15a2&pid_0071, Hub:1-Port:4
ModuleID[2] LevelID[10]: DeviceManager::OnMsgDeviceEvent() - DEVICE_REMOVAL_EVT, Notify
ModuleID[2] LevelID[10]: CmdOpreation[0]--OnDeviceChangeNotify, Volume Arrive/Remove or Device Arrive/Remove
ModuleID[2] LevelID[10]: CmdOpreation[0]--OnDeviceChangeNotify, m_p_usb_port is not NULL, so only refresh
ModuleID[2] LevelID[10]: CmdOpreation[0]--OnDeviceChangeNotify, Volume/Device Remove
ModuleID[2] LevelID[1]: CmdOpreation[0]--set m_hDeviceRemoveEvent.
ModuleID[2] LevelID[10]: CmdOpreation[0]--WaitforEvents device remove1
ModuleID[2] LevelID[10]: DeviceManager::OnMsgDeviceEvent()-DEVICE_REMOVAL_EVT, hDevCanDeleteEvent has been set
ModuleID[2] LevelID[10]: delete MxHidDevice[06833210]
ModuleID[2] LevelID[10]: DeviceManager::DevChangeWnd::OnDeviceChange() - DEVICE_ARRIVAL_EVT(\\?\USB#VID_066F&PID_37FF#b&2257349d&0&4#{a5dcbf10-6530-11d2-901f-00c04fb951ed})
ModuleID[2] LevelID[10]: DeviceManager::DevChangeWnd::OnDeviceChange() - end
ModuleID[2] LevelID[10]: DeviceManager::OnMsgDeviceEvent() - DEVICE_ARRIVAL_EVT(\\?\USB#VID_066F&PID_37FF#b&2257349d&0&4#{a5dcbf10-6530-11d2-901f-00c04fb951ed})
ModuleID[2] LevelID[10]: DeviceManager::OnMsgDeviceEvent() - DEVICE_ARRIVAL_EVT,[Msc,DiskDeviceClass] vid_066f&pid_37ff, not handled
ModuleID[2] LevelID[10]: DeviceManager::DevChangeWnd::OnDeviceChange() - VOLUME_ARRIVAL_EVT(H)
ModuleID[2] LevelID[10]: DeviceManager::DevChangeWnd::OnDeviceChange() - end
ModuleID[2] LevelID[10]: DeviceManager::OnMsgDeviceEvent() - VOLUME_ARRIVAL_EVT(H)
ModuleID[2] LevelID[10]: VolumeDeviceClass::AddUsbDevice()  H
ModuleID[2] LevelID[10]: DeviceTypeDisk--_devices size: 2
ModuleID[2] LevelID[10]: Volume--StorageDisk, Disk->_driveNumber:2, Volume->_diskNumber:2
ModuleID[2] LevelID[10]: DeviceTypeDisk--find Disk device: 00912A50
ModuleID[2] LevelID[10]: Device::hubIndex::getmsc, return the port index is: 1
ModuleID[2] LevelID[10]: DeviceTypeDisk--_devices size: 2
ModuleID[2] LevelID[10]: Volume--StorageDisk, Disk->_driveNumber:2, Volume->_diskNumber:3
ModuleID[2] LevelID[10]: Volume--StorageDisk, Disk->_driveNumber:3, Volume->_diskNumber:3
ModuleID[2] LevelID[10]: DeviceTypeDisk--find Disk device: 06839CA8
ModuleID[2] LevelID[10]: Device::hubIndex::getmsc, return the port index is: 4
ModuleID[2] LevelID[10]: VolumeDeviceClass::AddUsbDevice() successful H add to current list, retrycount: 0
ModuleID[2] LevelID[10]: Device::hubIndex::getmsc, return the port index is: 4
ModuleID[2] LevelID[10]: DeviceManager::OnMsgDeviceEvent() - VOLUME_ARRIVAL_EVT-Disk(H), Hub:1-Port:4
ModuleID[2] LevelID[10]: DeviceManager::OnMsgDeviceEvent() - VOLUME_ARRIVAL_EVT, Notify
ModuleID[2] LevelID[10]: CmdOpreation[0]--OnDeviceChangeNotify, Volume Arrive/Remove or Device Arrive/Remove
ModuleID[2] LevelID[10]: CmdOpreation[0]--OnDeviceChangeNotify, m_p_usb_port is not NULL, so only refresh
ModuleID[2] LevelID[10]: CmdOpreation[0]--OnDeviceChangeNotify, Volume/Device Arrive
ModuleID[2] LevelID[1]: CmdOpreation[0]--set m_hDeviceArriveEvent.
ModuleID[2] LevelID[10]: CmdOpreation[0]--WaitforEvents device arrive1
ModuleID[2] LevelID[10]: CmdOperation[0] device chagned and reset to state 1
ModuleID[2] LevelID[10]: ExecuteCommand--Push[WndIndex:0], Body is $ mkfs.vfat /dev/mmcblk2p1
ModuleID[2] LevelID[10]: ExecuteCommand--Push[WndIndex:0], Body is $ mkdir -p /mnt/mmcblk2p1
ModuleID[2] LevelID[10]: ExecuteCommand--Push[WndIndex:0], Body is $ mount -t vfat /dev/mmcblk2p1 /mnt/mmcblk2p1
ModuleID[2] LevelID[10]: ExecuteCommand--Push[WndIndex:0], Body is send
ModuleID[2] LevelID[10]: ExecuteCommand--Push[WndIndex:0], Body is $ cp $FILE /mnt/mmcblk2p1/zImage
ModuleID[2] LevelID[10]: ExecuteCommand--Push[WndIndex:0], Body is send
ModuleID[2] LevelID[10]: ExecuteCommand--Push[WndIndex:0], Body is $ cp $FILE /mnt/mmcblk2p1/imx6sxea-com-kit.dtb
ModuleID[2] LevelID[10]: ExecuteCommand--Push[WndIndex:0], Body is send
ModuleID[2] LevelID[10]: ExecuteCommand--Push[WndIndex:0], Body is $ cp $FILE /mnt/mmcblk2p1/imx6sxea-com-kit-m4.dtb
ModuleID[2] LevelID[10]: ExecuteCommand--Push[WndIndex:0], Body is send
ModuleID[2] LevelID[10]: ExecuteCommand--Push[WndIndex:0], Body is $ cp $FILE /mnt/mmcblk2p1/imx6sxea-com-kit-lvds.dtb
ModuleID[2] LevelID[10]: ExecuteCommand--Push[WndIndex:0], Body is send
ModuleID[2] LevelID[10]: ExecuteCommand--Push[WndIndex:0], Body is $ cp $FILE /mnt/mmcblk2p1/imx6sxea-com-kit-rgb.dtb
ModuleID[2] LevelID[10]: ExecuteCommand--Push[WndIndex:0], Body is send
ModuleID[2] LevelID[10]: ExecuteCommand--Push[WndIndex:0], Body is $ cp $FILE /mnt/mmcblk2p1/imx6sxea-com-kit-ov5640-pl.dtb
ModuleID[2] LevelID[10]: ExecuteCommand--Push[WndIndex:0], Body is send
ModuleID[2] LevelID[10]: ExecuteCommand--Push[WndIndex:0], Body is $ cp $FILE /mnt/mmcblk2p1/imx6sxea-com-kit-sd.dtb
ModuleID[2] LevelID[10]: ExecuteCommand--Push[WndIndex:0], Body is send
ModuleID[2] LevelID[10]: ExecuteCommand--Push[WndIndex:0], Body is $ cp $FILE /mnt/mmcblk2p1/imx6sxea-com-kit-pcie.dtb
ModuleID[2] LevelID[10]: ExecuteCommand--Push[WndIndex:0], Body is send
ModuleID[2] LevelID[10]: ExecuteCommand--Push[WndIndex:0], Body is $ cp $FILE /mnt/mmcblk2p1/imx6sxea-com-kit-pcie-m2.dtb
ModuleID[2] LevelID[10]: ExecuteCommand--Push[WndIndex:0], Body is send
ModuleID[2] LevelID[10]: ExecuteCommand--Push[WndIndex:0], Body is $ cp $FILE /mnt/mmcblk2p1/boot.scr
ModuleID[2] LevelID[10]: ExecuteCommand--Push[WndIndex:0], Body is $ umount /mnt/mmcblk2p1
ModuleID[2] LevelID[10]: ExecuteCommand--Push[WndIndex:0], Body is $ echo Update Complete!
ModuleID[2] LevelID[10]: CCmdOpreation[0] thread is Closed
ModuleID[2] LevelID[10]: CCmdOpreation[0] thread is Closed
ModuleID[2] LevelID[10]: DeviceManager::OnMsgDeviceEvent() - EVENT_KILL
ModuleID[2] LevelID[10]: CMyExceptionHandler::OnMsgExceptionEvent() - KillExceptionHandlerThread
ModuleID[2] LevelID[10]: Exception Handler thread is closed
ModuleID[2] LevelID[1]: delete MxHidDeviceClass
ModuleID[2] LevelID[10]: Device Manager thread is closed
